<?xml version="1.0" encoding="utf-8"?><testsuites name="pytest tests"><testsuite name="pytest" errors="0" failures="0" skipped="0" tests="15" time="3.889" timestamp="2026-02-06T18:25:42.029274+00:00" hostname="agent-env-cf46cd12-bfe9-4490-b475-67b91b1412e2"><testcase classname="backend.tests.test_game_night_features.TestGameNightCreation" name="test_create_game_night" time="0.125" /><testcase classname="backend.tests.test_game_night_features.TestGameNightCreation" name="test_get_game_details" time="0.114" /><testcase classname="backend.tests.test_game_night_features.TestGameNightCreation" name="test_start_game_requires_2_players" time="0.116" /><testcase classname="backend.tests.test_game_night_features.TestAdminBuyIn" name="test_admin_buy_in_requires_auth" time="0.039" /><testcase classname="backend.tests.test_game_night_features.TestAdminBuyIn" name="test_admin_buy_in_game_not_found" time="0.036" /><testcase classname="backend.tests.test_game_night_features.TestAdminBuyIn" name="test_admin_buy_in_for_host_player" time="0.351" /><testcase classname="backend.tests.test_game_night_features.TestAdminBuyIn" name="test_admin_buy_in_fixed_denominations" time="0.522" /><testcase classname="backend.tests.test_game_night_features.TestAdminBuyIn" name="test_admin_buy_in_player_not_in_game" time="0.368" /><testcase classname="backend.tests.test_game_night_features.TestAdminBuyIn" name="test_admin_buy_in_for_other_player" time="0.338" /><testcase classname="backend.tests.test_game_night_features.TestCashOut" name="test_cash_out_requires_auth" time="0.031" /><testcase classname="backend.tests.test_game_night_features.TestCashOut" name="test_cash_out_with_chip_count_profit" time="0.320" /><testcase classname="backend.tests.test_game_night_features.TestCashOut" name="test_cash_out_loss_scenario" time="0.329" /><testcase classname="backend.tests.test_game_night_features.TestGameThread" name="test_get_game_thread" time="0.343" /><testcase classname="backend.tests.test_game_night_features.TestGameThread" name="test_post_message_to_thread" time="0.293" /><testcase classname="backend.tests.test_game_night_features.TestTransactionHistory" name="test_transaction_history_in_game_details" time="0.496" /></testsuite></testsuites>