<?xml version="1.0" encoding="utf-8"?><testsuites name="pytest tests"><testsuite name="pytest" errors="0" failures="0" skipped="0" tests="18" time="29.044" timestamp="2026-02-06T19:07:46.620660+00:00" hostname="agent-env-cf46cd12-bfe9-4490-b475-67b91b1412e2"><testcase classname="backend.tests.test_new_features.TestRequestBuyIn" name="test_request_buy_in_requires_auth" time="0.050" /><testcase classname="backend.tests.test_new_features.TestRequestBuyIn" name="test_request_buy_in_game_not_found" time="0.043" /><testcase classname="backend.tests.test_new_features.TestRequestBuyIn" name="test_request_buy_in_success" time="19.733" /><testcase classname="backend.tests.test_new_features.TestRequestBuyIn" name="test_request_buy_in_various_amounts" time="4.639" /><testcase classname="backend.tests.test_new_features.TestRequestCashOut" name="test_request_cash_out_requires_auth" time="0.032" /><testcase classname="backend.tests.test_new_features.TestRequestCashOut" name="test_request_cash_out_game_not_found" time="0.034" /><testcase classname="backend.tests.test_new_features.TestRequestCashOut" name="test_request_cash_out_success" time="2.415" /><testcase classname="backend.tests.test_new_features.TestRequestCashOut" name="test_request_cash_out_not_player" time="0.310" /><testcase classname="backend.tests.test_new_features.TestAdminCashOut" name="test_admin_cash_out_requires_auth" time="0.034" /><testcase classname="backend.tests.test_new_features.TestAdminCashOut" name="test_admin_cash_out_game_not_found" time="0.037" /><testcase classname="backend.tests.test_new_features.TestAdminCashOut" name="test_admin_cash_out_success" time="0.416" /><testcase classname="backend.tests.test_new_features.TestAdminCashOut" name="test_admin_cash_out_loss_scenario" time="0.339" /><testcase classname="backend.tests.test_new_features.TestAdminCashOut" name="test_admin_cash_out_player_not_in_game" time="0.342" /><testcase classname="backend.tests.test_new_features.TestAdminCashOut" name="test_admin_cash_out_non_host_fails" time="0.342" /><testcase classname="backend.tests.test_new_features.TestGameHistory" name="test_game_history_requires_auth" time="0.033" /><testcase classname="backend.tests.test_new_features.TestGameHistory" name="test_game_history_returns_data" time="0.078" /><testcase classname="backend.tests.test_new_features.TestGameHistory" name="test_game_history_includes_game_details" time="0.067" /><testcase classname="backend.tests.test_new_features.TestStaticPages" name="test_api_root" time="0.034" /></testsuite></testsuites>