<?xml version="1.0" encoding="utf-8"?><testsuites name="pytest tests"><testsuite name="pytest" errors="0" failures="0" skipped="0" tests="15" time="2.719" timestamp="2026-02-19T18:24:39.555141+00:00" hostname="agent-env-5ca30433-890c-4e76-9448-aea2361d1fd9"><testcase classname="tests.test_wallet_and_invites.TestWalletEndpoints" name="test_wallet_endpoint_exists_returns_401_unauthenticated" time="0.270" /><testcase classname="tests.test_wallet_and_invites.TestWalletEndpoints" name="test_wallet_setup_endpoint_exists_returns_401_unauthenticated" time="0.155" /><testcase classname="tests.test_wallet_and_invites.TestWalletEndpoints" name="test_wallet_pin_set_endpoint_exists_returns_401_unauthenticated" time="0.182" /><testcase classname="tests.test_wallet_and_invites.TestWalletEndpoints" name="test_wallet_transfer_endpoint_exists_returns_401_unauthenticated" time="0.182" /><testcase classname="tests.test_wallet_and_invites.TestWalletEndpoints" name="test_wallet_transactions_endpoint_exists_returns_401_unauthenticated" time="0.167" /><testcase classname="tests.test_wallet_and_invites.TestWalletEndpoints" name="test_wallet_search_endpoint_exists_returns_401_unauthenticated" time="0.227" /><testcase classname="tests.test_wallet_and_invites.TestGroupInviteEndpoints" name="test_users_invites_endpoint_exists_returns_401_unauthenticated" time="0.137" /><testcase classname="tests.test_wallet_and_invites.TestGroupInviteEndpoints" name="test_users_invites_respond_endpoint_exists_returns_401_unauthenticated" time="0.126" /><testcase classname="tests.test_wallet_and_invites.TestNotificationsEndpoints" name="test_notifications_endpoint_exists_returns_401_unauthenticated" time="0.108" /><testcase classname="tests.test_wallet_and_invites.TestOtherWalletEndpoints" name="test_wallet_pin_change_endpoint_exists_returns_401_unauthenticated" time="0.254" /><testcase classname="tests.test_wallet_and_invites.TestOtherWalletEndpoints" name="test_wallet_pin_verify_endpoint_exists_returns_401_unauthenticated" time="0.158" /><testcase classname="tests.test_wallet_and_invites.TestOtherWalletEndpoints" name="test_wallet_lookup_endpoint_exists_returns_401_unauthenticated" time="0.203" /><testcase classname="tests.test_wallet_and_invites.TestOtherWalletEndpoints" name="test_wallet_deposit_endpoint_exists_returns_401_unauthenticated" time="0.192" /><testcase classname="tests.test_wallet_and_invites.TestHealthAndBasicEndpoints" name="test_api_health" time="0.120" /><testcase classname="tests.test_wallet_and_invites.TestHealthAndBasicEndpoints" name="test_auth_me_returns_401_unauthenticated" time="0.175" /></testsuite></testsuites>