<?xml version="1.0" encoding="utf-8"?><testsuites name="pytest tests"><testsuite name="pytest" errors="0" failures="0" skipped="0" tests="20" time="1.000" timestamp="2026-02-06T18:02:08.900201+00:00" hostname="agent-env-cf46cd12-bfe9-4490-b475-67b91b1412e2"><testcase classname="backend.tests.test_social_features.TestHealthAndBasicEndpoints" name="test_api_root" time="0.083" /><testcase classname="backend.tests.test_social_features.TestHealthAndBasicEndpoints" name="test_api_health" time="0.037" /><testcase classname="backend.tests.test_social_features.TestAuthentication" name="test_auth_me_with_valid_token" time="0.038" /><testcase classname="backend.tests.test_social_features.TestAuthentication" name="test_auth_me_without_token" time="0.039" /><testcase classname="backend.tests.test_social_features.TestUserSearch" name="test_user_search_requires_auth" time="0.043" /><testcase classname="backend.tests.test_social_features.TestUserSearch" name="test_user_search_with_valid_query" time="0.035" /><testcase classname="backend.tests.test_social_features.TestUserSearch" name="test_user_search_short_query" time="0.034" /><testcase classname="backend.tests.test_social_features.TestUserInvites" name="test_get_invites_requires_auth" time="0.036" /><testcase classname="backend.tests.test_social_features.TestUserInvites" name="test_get_invites_with_auth" time="0.039" /><testcase classname="backend.tests.test_social_features.TestUserBadges" name="test_get_badges_requires_auth" time="0.035" /><testcase classname="backend.tests.test_social_features.TestUserBadges" name="test_get_badges_with_auth" time="0.041" /><testcase classname="backend.tests.test_social_features.TestGroupManagement" name="test_create_group" time="0.041" /><testcase classname="backend.tests.test_social_features.TestGroupManagement" name="test_get_groups" time="0.039" /><testcase classname="backend.tests.test_social_features.TestGroupManagement" name="test_get_group_details" time="0.075" /><testcase classname="backend.tests.test_social_features.TestGroupInvites" name="test_invite_member_requires_auth" time="0.033" /><testcase classname="backend.tests.test_social_features.TestGroupInvites" name="test_invite_member_to_nonexistent_group" time="0.043" /><testcase classname="backend.tests.test_social_features.TestGroupInvites" name="test_invite_member_flow" time="0.078" /><testcase classname="backend.tests.test_social_features.TestStats" name="test_get_my_stats" time="0.037" /><testcase classname="backend.tests.test_social_features.TestNotifications" name="test_get_notifications" time="0.040" /><testcase classname="backend.tests.test_social_features.TestLedger" name="test_get_balances" time="0.038" /></testsuite></testsuites>