<?xml version="1.0" encoding="utf-8"?><testsuites name="pytest tests"><testsuite name="pytest" errors="0" failures="0" skipped="0" tests="8" time="8.978" timestamp="2026-02-12T03:35:07.366117+00:00" hostname="agent-env-4ac325f3-8285-4be3-8eb3-8220b308e413"><testcase classname="tests.test_voice_transcribe.TestVoiceTranscribeAuthentication" name="test_transcribe_requires_authentication" time="0.356" /><testcase classname="tests.test_voice_transcribe.TestVoiceTranscribeEndpoint" name="test_transcribe_audio_file" time="2.912" /><testcase classname="tests.test_voice_transcribe.TestVoiceTranscribeEndpoint" name="test_transcribe_with_language_parameter" time="3.066" /><testcase classname="tests.test_voice_transcribe.TestVoiceTranscribeEndpoint" name="test_transcribe_without_language_parameter" time="0.555" /><testcase classname="tests.test_voice_transcribe.TestVoiceTranscribeFileValidation" name="test_reject_invalid_file_type" time="0.012" /><testcase classname="tests.test_voice_transcribe.TestVoiceTranscribeFileValidation" name="test_accept_different_audio_formats" time="0.751" /><testcase classname="tests.test_voice_transcribe.TestVoiceCommandParsing" name="test_parse_voice_command_function" time="0.000" /><testcase classname="tests.test_voice_transcribe.TestVoiceTranscribeResponseFormat" name="test_response_contains_required_fields" time="1.264" /></testsuite></testsuites>