<?xml version="1.0" encoding="utf-8"?><testsuites name="pytest tests"><testsuite name="pytest" errors="0" failures="0" skipped="0" tests="11" time="1.031" timestamp="2026-02-10T04:09:07.024892+00:00" hostname="agent-env-16c5546d-1a0a-43ec-9c04-a8335dcf05a7"><testcase classname="tests.test_auth_sync.TestHealthAndBasics" name="test_api_root_endpoint" time="0.092" /><testcase classname="tests.test_auth_sync.TestHealthAndBasics" name="test_unauthenticated_access_to_protected_endpoints" time="0.206" /><testcase classname="tests.test_auth_sync.TestSyncUserEndpoint" name="test_sync_user_creates_new_user" time="0.052" /><testcase classname="tests.test_auth_sync.TestSyncUserEndpoint" name="test_sync_user_updates_existing_user" time="0.120" /><testcase classname="tests.test_auth_sync.TestSyncUserEndpoint" name="test_sync_user_returns_session_cookie" time="0.039" /><testcase classname="tests.test_auth_sync.TestAuthenticatedEndpoints" name="test_get_auth_me_with_session" time="0.050" /><testcase classname="tests.test_auth_sync.TestAuthenticatedEndpoints" name="test_get_stats_me_with_session" time="0.055" /><testcase classname="tests.test_auth_sync.TestAuthenticatedEndpoints" name="test_get_groups_with_session" time="0.064" /><testcase classname="tests.test_auth_sync.TestAuthenticatedEndpoints" name="test_get_games_with_session" time="0.049" /><testcase classname="tests.test_auth_sync.TestAuthenticatedEndpoints" name="test_get_notifications_with_session" time="0.058" /><testcase classname="tests.test_auth_sync.TestGroupAndGameFlow" name="test_full_auth_and_data_flow" time="0.179" /></testsuite></testsuites>