<?xml version="1.0" encoding="utf-8"?><testsuites name="pytest tests"><testsuite name="pytest" errors="0" failures="0" skipped="0" tests="6" time="1.015" timestamp="2026-02-19T18:47:29.940521+00:00" hostname="agent-env-5ca30433-890c-4e76-9448-aea2361d1fd9"><testcase classname="tests.test_new_wallet_push_features.TestNewWalletEndpoints" name="test_withdraw_endpoint_requires_auth" time="0.225" /><testcase classname="tests.test_new_wallet_push_features.TestNewWalletEndpoints" name="test_withdrawals_list_endpoint_requires_auth" time="0.122" /><testcase classname="tests.test_new_wallet_push_features.TestPushTokenEndpoints" name="test_register_push_token_requires_auth" time="0.189" /><testcase classname="tests.test_new_wallet_push_features.TestPushTokenEndpoints" name="test_unregister_push_token_requires_auth" time="0.152" /><testcase classname="tests.test_new_wallet_push_features.TestExistingWalletDeposit" name="test_deposit_endpoint_requires_auth" time="0.127" /><testcase classname="tests.test_new_wallet_push_features.TestExistingWalletDeposit" name="test_deposit_status_endpoint_requires_auth" time="0.150" /></testsuite></testsuites>