<?xml version="1.0" encoding="utf-8"?><testsuites name="pytest tests"><testsuite name="pytest" errors="0" failures="8" skipped="0" tests="14" time="2.067" timestamp="2026-02-06T18:21:29.697114+00:00" hostname="agent-env-cf46cd12-bfe9-4490-b475-67b91b1412e2"><testcase classname="backend.tests.test_game_night_features.TestGameNightCreation" name="test_create_game_night" time="0.109" /><testcase classname="backend.tests.test_game_night_features.TestGameNightCreation" name="test_get_game_details" time="0.116" /><testcase classname="backend.tests.test_game_night_features.TestGameNightCreation" name="test_start_game" time="0.129"><failure message="assert 400 == 200&#10; +  where 400 = &lt;Response [400]&gt;.status_code">backend/tests/test_game_night_features.py:89: in test_start_game
    assert response.status_code == 200
E   assert 400 == 200
E    +  where 400 = &lt;Response [400]&gt;.status_code</failure></testcase><testcase classname="backend.tests.test_game_night_features.TestAdminBuyIn" name="test_admin_buy_in_requires_auth" time="0.036" /><testcase classname="backend.tests.test_game_night_features.TestAdminBuyIn" name="test_admin_buy_in_game_not_found" time="0.039" /><testcase classname="backend.tests.test_game_night_features.TestAdminBuyIn" name="test_admin_buy_in_for_host_player" time="0.197"><failure message="assert 400 == 200&#10; +  where 400 = &lt;Response [400]&gt;.status_code">backend/tests/test_game_night_features.py:167: in test_admin_buy_in_for_host_player
    group_id, game_id = self.create_active_game()
                        ^^^^^^^^^^^^^^^^^^^^^^^^^
backend/tests/test_game_night_features.py:142: in create_active_game
    assert start_response.status_code == 200
E   assert 400 == 200
E    +  where 400 = &lt;Response [400]&gt;.status_code</failure></testcase><testcase classname="backend.tests.test_game_night_features.TestAdminBuyIn" name="test_admin_buy_in_fixed_denominations" time="0.117"><failure message="assert 400 == 200&#10; +  where 400 = &lt;Response [400]&gt;.status_code">backend/tests/test_game_night_features.py:185: in test_admin_buy_in_fixed_denominations
    group_id, game_id = self.create_active_game()
                        ^^^^^^^^^^^^^^^^^^^^^^^^^
backend/tests/test_game_night_features.py:142: in create_active_game
    assert start_response.status_code == 200
E   assert 400 == 200
E    +  where 400 = &lt;Response [400]&gt;.status_code</failure></testcase><testcase classname="backend.tests.test_game_night_features.TestAdminBuyIn" name="test_admin_buy_in_player_not_in_game" time="0.147"><failure message="assert 400 == 200&#10; +  where 400 = &lt;Response [400]&gt;.status_code">backend/tests/test_game_night_features.py:207: in test_admin_buy_in_player_not_in_game
    group_id, game_id = self.create_active_game()
                        ^^^^^^^^^^^^^^^^^^^^^^^^^
backend/tests/test_game_night_features.py:142: in create_active_game
    assert start_response.status_code == 200
E   assert 400 == 200
E    +  where 400 = &lt;Response [400]&gt;.status_code</failure></testcase><testcase classname="backend.tests.test_game_night_features.TestCashOut" name="test_cash_out_requires_auth" time="0.034" /><testcase classname="backend.tests.test_game_night_features.TestCashOut" name="test_cash_out_with_chip_count" time="0.217"><failure message="assert 400 == 200&#10; +  where 400 = &lt;Response [400]&gt;.status_code">backend/tests/test_game_night_features.py:290: in test_cash_out_with_chip_count
    assert response.status_code == 200
E   assert 400 == 200
E    +  where 400 = &lt;Response [400]&gt;.status_code</failure></testcase><testcase classname="backend.tests.test_game_night_features.TestCashOut" name="test_cash_out_loss_scenario" time="0.192"><failure message="assert 400 == 200&#10; +  where 400 = &lt;Response [400]&gt;.status_code">backend/tests/test_game_night_features.py:309: in test_cash_out_loss_scenario
    assert response.status_code == 200
E   assert 400 == 200
E    +  where 400 = &lt;Response [400]&gt;.status_code</failure></testcase><testcase classname="backend.tests.test_game_night_features.TestGameThread" name="test_get_game_thread" time="0.153" /><testcase classname="backend.tests.test_game_night_features.TestGameThread" name="test_post_message_to_thread" time="0.152"><failure message="KeyError: 'content'">backend/tests/test_game_night_features.py:383: in test_post_message_to_thread
    assert data["content"] == "Test message from automated testing"
           ^^^^^^^^^^^^^^^
E   KeyError: 'content'</failure></testcase><testcase classname="backend.tests.test_game_night_features.TestTransactionHistory" name="test_transaction_history_in_game_details" time="0.291"><failure message="AssertionError: assert 0.0 == 80&#10; +  where 0.0 = &lt;built-in method get of dict object at 0xfe06e42c0f00&gt;('total_buy_in')&#10; +    where &lt;built-in method get of dict object at 0xfe06e42c0f00&gt; = {'cash_out': None, 'cashed_out_at': None, 'chips_returned': None, 'game_id': 'game_9b6066bb5df5', ...}.get">backend/tests/test_game_night_features.py:456: in test_transaction_history_in_game_details
    assert current_player.get("total_buy_in") == expected_total
E   AssertionError: assert 0.0 == 80
E    +  where 0.0 = &lt;built-in method get of dict object at 0xfe06e42c0f00&gt;('total_buy_in')
E    +    where &lt;built-in method get of dict object at 0xfe06e42c0f00&gt; = {'cash_out': None, 'cashed_out_at': None, 'chips_returned': None, 'game_id': 'game_9b6066bb5df5', ...}.get</failure></testcase></testsuite></testsuites>