<?xml version="1.0" encoding="utf-8"?><testsuites name="pytest tests"><testsuite name="pytest" errors="0" failures="7" skipped="0" tests="15" time="30.871" timestamp="2026-02-06T18:23:07.654675+00:00" hostname="agent-env-cf46cd12-bfe9-4490-b475-67b91b1412e2"><testcase classname="backend.tests.test_game_night_features.TestGameNightCreation" name="test_create_game_night" time="0.121" /><testcase classname="backend.tests.test_game_night_features.TestGameNightCreation" name="test_get_game_details" time="0.129" /><testcase classname="backend.tests.test_game_night_features.TestGameNightCreation" name="test_start_game_requires_2_players" time="0.134" /><testcase classname="backend.tests.test_game_night_features.TestAdminBuyIn" name="test_admin_buy_in_requires_auth" time="0.036" /><testcase classname="backend.tests.test_game_night_features.TestAdminBuyIn" name="test_admin_buy_in_game_not_found" time="0.035" /><testcase classname="backend.tests.test_game_night_features.TestAdminBuyIn" name="test_admin_buy_in_for_host_player" time="0.292"><failure message="AssertionError: Failed to start game: {'detail': 'Minimum 2 players required to start game'}&#10;assert 400 == 200&#10; +  where 400 = &lt;Response [400]&gt;.status_code">backend/tests/test_game_night_features.py:249: in test_admin_buy_in_for_host_player
    group_id, game_id = self.create_active_game()
                        ^^^^^^^^^^^^^^^^^^^^^^^^^
backend/tests/test_game_night_features.py:224: in create_active_game
    assert start_response.status_code == 200, f"Failed to start game: {start_response.json()}"
E   AssertionError: Failed to start game: {'detail': 'Minimum 2 players required to start game'}
E   assert 400 == 200
E    +  where 400 = &lt;Response [400]&gt;.status_code</failure></testcase><testcase classname="backend.tests.test_game_night_features.TestAdminBuyIn" name="test_admin_buy_in_fixed_denominations" time="0.223"><failure message="AssertionError: Failed to start game: {'detail': 'Minimum 2 players required to start game'}&#10;assert 400 == 200&#10; +  where 400 = &lt;Response [400]&gt;.status_code">backend/tests/test_game_night_features.py:267: in test_admin_buy_in_fixed_denominations
    group_id, game_id = self.create_active_game()
                        ^^^^^^^^^^^^^^^^^^^^^^^^^
backend/tests/test_game_night_features.py:224: in create_active_game
    assert start_response.status_code == 200, f"Failed to start game: {start_response.json()}"
E   AssertionError: Failed to start game: {'detail': 'Minimum 2 players required to start game'}
E   assert 400 == 200
E    +  where 400 = &lt;Response [400]&gt;.status_code</failure></testcase><testcase classname="backend.tests.test_game_night_features.TestAdminBuyIn" name="test_admin_buy_in_player_not_in_game" time="0.249"><failure message="AssertionError: Failed to start game: {'detail': 'Minimum 2 players required to start game'}&#10;assert 400 == 200&#10; +  where 400 = &lt;Response [400]&gt;.status_code">backend/tests/test_game_night_features.py:289: in test_admin_buy_in_player_not_in_game
    group_id, game_id = self.create_active_game()
                        ^^^^^^^^^^^^^^^^^^^^^^^^^
backend/tests/test_game_night_features.py:224: in create_active_game
    assert start_response.status_code == 200, f"Failed to start game: {start_response.json()}"
E   AssertionError: Failed to start game: {'detail': 'Minimum 2 players required to start game'}
E   assert 400 == 200
E    +  where 400 = &lt;Response [400]&gt;.status_code</failure></testcase><testcase classname="backend.tests.test_game_night_features.TestAdminBuyIn" name="test_admin_buy_in_for_other_player" time="0.260"><failure message="AssertionError: Failed to start game: {'detail': 'Minimum 2 players required to start game'}&#10;assert 400 == 200&#10; +  where 400 = &lt;Response [400]&gt;.status_code">backend/tests/test_game_night_features.py:303: in test_admin_buy_in_for_other_player
    group_id, game_id = self.create_active_game()
                        ^^^^^^^^^^^^^^^^^^^^^^^^^
backend/tests/test_game_night_features.py:224: in create_active_game
    assert start_response.status_code == 200, f"Failed to start game: {start_response.json()}"
E   AssertionError: Failed to start game: {'detail': 'Minimum 2 players required to start game'}
E   assert 400 == 200
E    +  where 400 = &lt;Response [400]&gt;.status_code</failure></testcase><testcase classname="backend.tests.test_game_night_features.TestCashOut" name="test_cash_out_requires_auth" time="0.033" /><testcase classname="backend.tests.test_game_night_features.TestCashOut" name="test_cash_out_with_chip_count" time="0.289"><failure message="assert 400 == 200&#10; +  where 400 = &lt;Response [400]&gt;.status_code">backend/tests/test_game_night_features.py:413: in test_cash_out_with_chip_count
    assert response.status_code == 200
E   assert 400 == 200
E    +  where 400 = &lt;Response [400]&gt;.status_code</failure></testcase><testcase classname="backend.tests.test_game_night_features.TestCashOut" name="test_cash_out_loss_scenario" time="0.288"><failure message="assert 400 == 200&#10; +  where 400 = &lt;Response [400]&gt;.status_code">backend/tests/test_game_night_features.py:432: in test_cash_out_loss_scenario
    assert response.status_code == 200
E   assert 400 == 200
E    +  where 400 = &lt;Response [400]&gt;.status_code</failure></testcase><testcase classname="backend.tests.test_game_night_features.TestGameThread" name="test_get_game_thread" time="0.248" /><testcase classname="backend.tests.test_game_night_features.TestGameThread" name="test_post_message_to_thread" time="0.349" /><testcase classname="backend.tests.test_game_night_features.TestTransactionHistory" name="test_transaction_history_in_game_details" time="28.017"><failure message="AssertionError: assert 0.0 == 80&#10; +  where 0.0 = &lt;built-in method get of dict object at 0xfdc85c58bd40&gt;('total_buy_in')&#10; +    where &lt;built-in method get of dict object at 0xfdc85c58bd40&gt; = {'cash_out': None, 'cashed_out_at': None, 'chips_returned': None, 'game_id': 'game_9c80af5d1975', ...}.get">backend/tests/test_game_night_features.py:629: in test_transaction_history_in_game_details
    assert current_player.get("total_buy_in") == expected_total
E   AssertionError: assert 0.0 == 80
E    +  where 0.0 = &lt;built-in method get of dict object at 0xfdc85c58bd40&gt;('total_buy_in')
E    +    where &lt;built-in method get of dict object at 0xfdc85c58bd40&gt; = {'cash_out': None, 'cashed_out_at': None, 'chips_returned': None, 'game_id': 'game_9c80af5d1975', ...}.get</failure></testcase></testsuite></testsuites>